{"C:\\Users\\raiane.oliveira\\Documents\\TDD\\src\\operacao.js": {"path":"C:\\Users\\raiane.oliveira\\Documents\\TDD\\src\\operacao.js","statementMap":{"0":{"start":{"line":2,"column":4},"end":{"line":4,"column":5}},"1":{"start":{"line":3,"column":8},"end":{"line":3,"column":31}},"2":{"start":{"line":4,"column":6},"end":{"line":4,"column":22}},"3":{"start":{"line":8,"column":4},"end":{"line":10,"column":5}},"4":{"start":{"line":9,"column":8},"end":{"line":9,"column":31}},"5":{"start":{"line":10,"column":6},"end":{"line":10,"column":22}},"6":{"start":{"line":14,"column":4},"end":{"line":16,"column":5}},"7":{"start":{"line":15,"column":8},"end":{"line":15,"column":31}},"8":{"start":{"line":16,"column":6},"end":{"line":16,"column":22}},"9":{"start":{"line":20,"column":4},"end":{"line":22,"column":5}},"10":{"start":{"line":21,"column":8},"end":{"line":21,"column":31}},"11":{"start":{"line":22,"column":6},"end":{"line":22,"column":22}},"12":{"start":{"line":27,"column":4},"end":{"line":29,"column":5}},"13":{"start":{"line":28,"column":8},"end":{"line":28,"column":31}},"14":{"start":{"line":29,"column":6},"end":{"line":31,"column":5}},"15":{"start":{"line":30,"column":8},"end":{"line":30,"column":40}},"16":{"start":{"line":31,"column":6},"end":{"line":31,"column":28}},"17":{"start":{"line":35,"column":4},"end":{"line":37,"column":5}},"18":{"start":{"line":36,"column":8},"end":{"line":36,"column":31}},"19":{"start":{"line":37,"column":6},"end":{"line":37,"column":32}},"20":{"start":{"line":40,"column":0},"end":{"line":47,"column":1}}},"fnMap":{"0":{"name":"sum","decl":{"start":{"line":1,"column":9},"end":{"line":1,"column":12}},"loc":{"start":{"line":1,"column":24},"end":{"line":5,"column":1}},"line":1},"1":{"name":"sub","decl":{"start":{"line":7,"column":9},"end":{"line":7,"column":12}},"loc":{"start":{"line":7,"column":24},"end":{"line":11,"column":1}},"line":7},"2":{"name":"mult","decl":{"start":{"line":13,"column":9},"end":{"line":13,"column":13}},"loc":{"start":{"line":13,"column":25},"end":{"line":17,"column":1}},"line":13},"3":{"name":"div","decl":{"start":{"line":19,"column":9},"end":{"line":19,"column":12}},"loc":{"start":{"line":19,"column":23},"end":{"line":23,"column":1}},"line":19},"4":{"name":"raiz","decl":{"start":{"line":26,"column":9},"end":{"line":26,"column":13}},"loc":{"start":{"line":26,"column":19},"end":{"line":32,"column":1}},"line":26},"5":{"name":"pot","decl":{"start":{"line":34,"column":9},"end":{"line":34,"column":12}},"loc":{"start":{"line":34,"column":23},"end":{"line":38,"column":1}},"line":34}},"branchMap":{"0":{"loc":{"start":{"line":2,"column":4},"end":{"line":4,"column":5}},"type":"if","locations":[{"start":{"line":2,"column":4},"end":{"line":4,"column":5}},{"start":{},"end":{}}],"line":2},"1":{"loc":{"start":{"line":2,"column":7},"end":{"line":2,"column":31}},"type":"binary-expr","locations":[{"start":{"line":2,"column":7},"end":{"line":2,"column":18}},{"start":{"line":2,"column":20},"end":{"line":2,"column":31}}],"line":2},"2":{"loc":{"start":{"line":8,"column":4},"end":{"line":10,"column":5}},"type":"if","locations":[{"start":{"line":8,"column":4},"end":{"line":10,"column":5}},{"start":{},"end":{}}],"line":8},"3":{"loc":{"start":{"line":8,"column":7},"end":{"line":8,"column":31}},"type":"binary-expr","locations":[{"start":{"line":8,"column":7},"end":{"line":8,"column":18}},{"start":{"line":8,"column":20},"end":{"line":8,"column":31}}],"line":8},"4":{"loc":{"start":{"line":14,"column":4},"end":{"line":16,"column":5}},"type":"if","locations":[{"start":{"line":14,"column":4},"end":{"line":16,"column":5}},{"start":{},"end":{}}],"line":14},"5":{"loc":{"start":{"line":14,"column":7},"end":{"line":14,"column":31}},"type":"binary-expr","locations":[{"start":{"line":14,"column":7},"end":{"line":14,"column":18}},{"start":{"line":14,"column":20},"end":{"line":14,"column":31}}],"line":14},"6":{"loc":{"start":{"line":20,"column":4},"end":{"line":22,"column":5}},"type":"if","locations":[{"start":{"line":20,"column":4},"end":{"line":22,"column":5}},{"start":{},"end":{}}],"line":20},"7":{"loc":{"start":{"line":20,"column":8},"end":{"line":20,"column":32}},"type":"binary-expr","locations":[{"start":{"line":20,"column":8},"end":{"line":20,"column":19}},{"start":{"line":20,"column":21},"end":{"line":20,"column":32}}],"line":20},"8":{"loc":{"start":{"line":27,"column":4},"end":{"line":29,"column":5}},"type":"if","locations":[{"start":{"line":27,"column":4},"end":{"line":29,"column":5}},{"start":{},"end":{}}],"line":27},"9":{"loc":{"start":{"line":29,"column":6},"end":{"line":31,"column":5}},"type":"if","locations":[{"start":{"line":29,"column":6},"end":{"line":31,"column":5}},{"start":{},"end":{}}],"line":29},"10":{"loc":{"start":{"line":35,"column":4},"end":{"line":37,"column":5}},"type":"if","locations":[{"start":{"line":35,"column":4},"end":{"line":37,"column":5}},{"start":{},"end":{}}],"line":35},"11":{"loc":{"start":{"line":35,"column":8},"end":{"line":35,"column":32}},"type":"binary-expr","locations":[{"start":{"line":35,"column":8},"end":{"line":35,"column":19}},{"start":{"line":35,"column":21},"end":{"line":35,"column":32}}],"line":35}},"s":{"0":5,"1":2,"2":3,"3":5,"4":2,"5":3,"6":8,"7":2,"8":6,"9":9,"10":2,"11":7,"12":6,"13":1,"14":5,"15":1,"16":4,"17":9,"18":2,"19":7,"20":1},"f":{"0":5,"1":5,"2":8,"3":9,"4":6,"5":9},"b":{"0":[2,3],"1":[5,4],"2":[2,3],"3":[5,4],"4":[2,6],"5":[8,7],"6":[2,7],"7":[9,8],"8":[1,5],"9":[1,4],"10":[2,7],"11":[9,8]},"_coverageSchema":"1a1c01bbd47fc00a2c39e90264f33305004495a9","hash":"955cb090e8d315cfa80d4242a4648fd54551c2e9"}
}
