TN:
SF:src\operacao.js
FN:1,sum
FN:7,sub
FN:13,mult
FN:19,div
FN:26,raiz
FN:34,pot
FNF:6
FNH:6
FNDA:5,sum
FNDA:5,sub
FNDA:8,mult
FNDA:9,div
FNDA:6,raiz
FNDA:9,pot
DA:2,5
DA:3,2
DA:4,3
DA:8,5
DA:9,2
DA:10,3
DA:14,8
DA:15,2
DA:16,6
DA:20,9
DA:21,2
DA:22,7
DA:27,6
DA:28,1
DA:29,5
DA:30,1
DA:31,4
DA:35,9
DA:36,2
DA:37,7
DA:40,1
LF:21
LH:21
BRDA:2,0,0,2
BRDA:2,0,1,3
BRDA:2,1,0,5
BRDA:2,1,1,4
BRDA:8,2,0,2
BRDA:8,2,1,3
BRDA:8,3,0,5
BRDA:8,3,1,4
BRDA:14,4,0,2
BRDA:14,4,1,6
BRDA:14,5,0,8
BRDA:14,5,1,7
BRDA:20,6,0,2
BRDA:20,6,1,7
BRDA:20,7,0,9
BRDA:20,7,1,8
BRDA:27,8,0,1
BRDA:27,8,1,5
BRDA:29,9,0,1
BRDA:29,9,1,4
BRDA:35,10,0,2
BRDA:35,10,1,7
BRDA:35,11,0,9
BRDA:35,11,1,8
BRF:24
BRH:24
end_of_record
